<?xml version="1.0" encoding="UTF-8"?>
<!-- Generated by org.testng.reporters.JUnitReportReporter -->
<testsuite hostname="DESKTOP-OL1IA5J" failures="0" tests="6" name="files.DynamicJson" time="10.934" errors="0" timestamp="2021-11-15T19:12:22 CST" skipped="0">
  <testcase classname="files.DynamicJson" name="addBook" time="3.677"/>
  <system-out/>
  <testcase classname="files.DynamicJson" name="deleteBook" time="1.572"/>
  <system-out/>
  <testcase classname="files.DynamicJson" name="addBook" time="1.326"/>
  <system-out/>
  <testcase classname="files.DynamicJson" name="addBook" time="1.295"/>
  <system-out/>
  <testcase classname="files.DynamicJson" name="deleteBook" time="1.290"/>
  <system-out/>
  <testcase classname="files.DynamicJson" name="deleteBook" time="1.774"/>
  <system-out/>
</testsuite> <!-- files.DynamicJson -->
