<?xml version="1.0" encoding="UTF-8"?>
<!-- Generated by org.testng.reporters.JUnitReportReporter -->
<testsuite hostname="DESKTOP-OL1IA5J" failures="0" tests="1" name="com.restassured.foundation.GetAllServices" time="2.101" errors="0" timestamp="2021-10-22T15:07:05 CDT" skipped="0">
  <testcase classname="com.restassured.foundation.GetAllServices" name="returnServices" time="2.101"/>
  <system-out/>
</testsuite> <!-- com.restassured.foundation.GetAllServices -->
