<?xml version="1.0" encoding="UTF-8"?>
<!-- Generated by org.testng.reporters.JUnitReportReporter -->
<testsuite hostname="DESKTOP-OL1IA5J" failures="0" tests="1" name="com.restassured.foundation.createNewService" time="1.933" errors="0" timestamp="2021-11-15T18:31:04 CST" skipped="0">
  <testcase classname="com.restassured.foundation.createNewService" name="addservice" time="1.933"/>
  <system-out/>
</testsuite> <!-- com.restassured.foundation.createNewService -->
