<?xml version="1.0" encoding="UTF-8"?>
<!-- Generated by org.testng.reporters.JUnitReportReporter -->
<testsuite hostname="DESKTOP-OL1IA5J" failures="0" tests="1" name="com.restassured.foundation.EndtoEnd" time="2.199" errors="0" timestamp="2021-10-22T16:05:51 CDT" skipped="0">
  <testcase classname="com.restassured.foundation.EndtoEnd" name="addservice" time="2.199"/>
  <system-out/>
</testsuite> <!-- com.restassured.foundation.EndtoEnd -->
